<?xml version="1.0" encoding="UTF-8"?>
<!-- Generated by org.testng.reporters.JUnitXMLReporter -->
<testsuite hostname="360NDCLP252" ignored="0" name="Command line test" tests="7" failures="0" timestamp="2021-08-27T20:46:15 IST" time="12.216" errors="0">
  <testcase name="openChrome" time="8.035" classname="Flipkart.MavenJava.InvokeChromeTest"/>
  <testcase name="open" time="0.0" classname="Flipkart.MavenJava.Login2Test"/>
  <testcase name="open2" time="0.0" classname="Flipkart.MavenJava.Login2Test"/>
  <testcase name="open" time="0.0" classname="Flipkart.MavenJava.Login3Test"/>
  <testcase name="open2" time="0.0" classname="Flipkart.MavenJava.Login3Test"/>
  <testcase name="open" time="0.0" classname="Flipkart.MavenJava.LoginTest"/>
  <testcase name="open2" time="0.0" classname="Flipkart.MavenJava.LoginTest"/>
</testsuite> <!-- Command line test -->
