<?xml version="1.0" encoding="UTF-8"?>
<testng-results skipped="0" failed="0" ignored="0" total="7" passed="7">
  <reporter-output>
  </reporter-output>
  <suite name="Command line suite" duration-ms="12216" started-at="2021-08-27T20:46:03 IST" finished-at="2021-08-27T20:46:15 IST">
    <groups>
    </groups>
    <test name="Command line test" duration-ms="12216" started-at="2021-08-27T20:46:03 IST" finished-at="2021-08-27T20:46:15 IST">
      <class name="Flipkart.MavenJava.InvokeChromeTest">
        <test-method status="PASS" signature="openChrome()[pri:0, instance:Flipkart.MavenJava.InvokeChromeTest@6acdbdf5]" name="openChrome" duration-ms="8035" started-at="2021-08-27T20:46:03 IST" finished-at="2021-08-27T20:46:11 IST">
          <reporter-output>
          </reporter-output>
        </test-method> <!-- openChrome -->
        <test-method status="PASS" signature="quitDriver()[pri:0, instance:Flipkart.MavenJava.InvokeChromeTest@6acdbdf5]" name="quitDriver" is-config="true" duration-ms="4134" started-at="2021-08-27T20:46:11 IST" finished-at="2021-08-27T20:46:15 IST">
          <reporter-output>
          </reporter-output>
        </test-method> <!-- quitDriver -->
      </class> <!-- Flipkart.MavenJava.InvokeChromeTest -->
      <class name="Flipkart.MavenJava.Login2Test">
        <test-method status="PASS" signature="open()[pri:0, instance:Flipkart.MavenJava.Login2Test@27a8c74e]" name="open" duration-ms="0" started-at="2021-08-27T20:46:11 IST" finished-at="2021-08-27T20:46:11 IST">
          <reporter-output>
          </reporter-output>
        </test-method> <!-- open -->
        <test-method status="PASS" signature="open2()[pri:0, instance:Flipkart.MavenJava.Login2Test@27a8c74e]" name="open2" duration-ms="0" started-at="2021-08-27T20:46:11 IST" finished-at="2021-08-27T20:46:11 IST">
          <reporter-output>
          </reporter-output>
        </test-method> <!-- open2 -->
      </class> <!-- Flipkart.MavenJava.Login2Test -->
      <class name="Flipkart.MavenJava.Login3Test">
        <test-method status="PASS" signature="open()[pri:0, instance:Flipkart.MavenJava.Login3Test@2d8f65a4]" name="open" duration-ms="0" started-at="2021-08-27T20:46:11 IST" finished-at="2021-08-27T20:46:11 IST">
          <reporter-output>
          </reporter-output>
        </test-method> <!-- open -->
        <test-method status="PASS" signature="open2()[pri:0, instance:Flipkart.MavenJava.Login3Test@2d8f65a4]" name="open2" duration-ms="0" started-at="2021-08-27T20:46:11 IST" finished-at="2021-08-27T20:46:11 IST">
          <reporter-output>
          </reporter-output>
        </test-method> <!-- open2 -->
      </class> <!-- Flipkart.MavenJava.Login3Test -->
      <class name="Flipkart.MavenJava.LoginTest">
        <test-method status="PASS" signature="open()[pri:0, instance:Flipkart.MavenJava.LoginTest@1b68ddbd]" name="open" duration-ms="0" started-at="2021-08-27T20:46:11 IST" finished-at="2021-08-27T20:46:11 IST">
          <reporter-output>
          </reporter-output>
        </test-method> <!-- open -->
        <test-method status="PASS" signature="open2()[pri:0, instance:Flipkart.MavenJava.LoginTest@1b68ddbd]" name="open2" duration-ms="0" started-at="2021-08-27T20:46:11 IST" finished-at="2021-08-27T20:46:11 IST">
          <reporter-output>
          </reporter-output>
        </test-method> <!-- open2 -->
      </class> <!-- Flipkart.MavenJava.LoginTest -->
    </test> <!-- Command line test -->
  </suite> <!-- Command line suite -->
</testng-results>
