<?xml version="1.0" encoding="UTF-8"?>
<testng-results ignored="0" total="2" passed="2" failed="0" skipped="0">
  <reporter-output>
  </reporter-output>
  <suite started-at="2021-08-27T20:00:48 IST" name="Default suite" finished-at="2021-08-27T20:00:48 IST" duration-ms="59">
    <groups>
    </groups>
    <test started-at="2021-08-27T20:00:48 IST" name="Default test" finished-at="2021-08-27T20:00:48 IST" duration-ms="59">
      <class name="Flipkart.MavenJava.Login3Test">
        <test-method signature="open()[pri:0, instance:Flipkart.MavenJava.Login3Test@4d5650ae]" started-at="2021-08-27T20:00:48 IST" name="open" finished-at="2021-08-27T20:00:48 IST" duration-ms="9" status="PASS">
          <reporter-output>
          </reporter-output>
        </test-method> <!-- open -->
        <test-method signature="open2()[pri:0, instance:Flipkart.MavenJava.Login3Test@4d5650ae]" started-at="2021-08-27T20:00:48 IST" name="open2" finished-at="2021-08-27T20:00:48 IST" duration-ms="1" status="PASS">
          <reporter-output>
          </reporter-output>
        </test-method> <!-- open2 -->
      </class> <!-- Flipkart.MavenJava.Login3Test -->
    </test> <!-- Default test -->
  </suite> <!-- Default suite -->
</testng-results>
