<?xml version="1.0" encoding="UTF-8"?>
<!-- Generated by org.testng.reporters.JUnitXMLReporter -->
<testsuite ignored="0" hostname="NODLTP52078114" failures="0" tests="4" name="Smoke" time="0.053" errors="0" timestamp="2021-08-14T13:22:40 IST">
  <testcase classname="Flipkart.MavenJava.Login3Test" name="open" time="0.007"/>
  <testcase classname="Flipkart.MavenJava.Login3Test" name="open2" time="0.001"/>
  <testcase classname="Flipkart.MavenJava.Login2Test" name="open" time="0.001"/>
  <testcase classname="Flipkart.MavenJava.Login2Test" name="open2" time="0.001"/>
</testsuite> <!-- Smoke -->
